0 info it worked if it ends with ok
1 verbose cli [ '/Users/aprice1/.nvm/versions/node/v4.2.1/bin/node',
1 verbose cli   '/Users/aprice1/.nvm/versions/node/v4.2.1/bin/npm',
1 verbose cli   'run',
1 verbose cli   'eslint' ]
2 info using npm@2.14.7
3 info using node@v4.2.1
4 verbose run-script [ 'preeslint', 'eslint', 'posteslint' ]
5 info preeslint survey@1.0.0
6 info eslint survey@1.0.0
7 verbose unsafe-perm in lifecycle true
8 info survey@1.0.0 Failed to exec eslint script
9 verbose stack Error: survey@1.0.0 eslint: `eslint --ext=js --ext=jsx --ignore-pattern public ./**`
9 verbose stack Exit status 1
9 verbose stack     at EventEmitter.<anonymous> (/Users/aprice1/.nvm/versions/node/v4.2.1/lib/node_modules/npm/lib/utils/lifecycle.js:214:16)
9 verbose stack     at emitTwo (events.js:87:13)
9 verbose stack     at EventEmitter.emit (events.js:172:7)
9 verbose stack     at ChildProcess.<anonymous> (/Users/aprice1/.nvm/versions/node/v4.2.1/lib/node_modules/npm/lib/utils/spawn.js:24:14)
9 verbose stack     at emitTwo (events.js:87:13)
9 verbose stack     at ChildProcess.emit (events.js:172:7)
9 verbose stack     at maybeClose (internal/child_process.js:818:16)
9 verbose stack     at Process.ChildProcess._handle.onexit (internal/child_process.js:211:5)
10 verbose pkgid survey@1.0.0
11 verbose cwd /Users/aprice1/apollo/temp/survey
12 error Darwin 14.5.0
13 error argv "/Users/aprice1/.nvm/versions/node/v4.2.1/bin/node" "/Users/aprice1/.nvm/versions/node/v4.2.1/bin/npm" "run" "eslint"
14 error node v4.2.1
15 error npm  v2.14.7
16 error code ELIFECYCLE
17 error survey@1.0.0 eslint: `eslint --ext=js --ext=jsx --ignore-pattern public ./**`
17 error Exit status 1
18 error Failed at the survey@1.0.0 eslint script 'eslint --ext=js --ext=jsx --ignore-pattern public ./**'.
18 error This is most likely a problem with the survey package,
18 error not with npm itself.
18 error Tell the author that this fails on your system:
18 error     eslint --ext=js --ext=jsx --ignore-pattern public ./**
18 error You can get their info via:
18 error     npm owner ls survey
18 error There is likely additional logging output above.
19 verbose exit [ 1, true ]
